<?xml version="1.0" encoding="UTF-8"?>
<!-- Generated by org.testng.reporters.JUnitXMLReporter -->
<testsuite hostname="DESKTOP-RTOOT5Q" ignored="6" name="Add New Stock-New Stock-It.1" tests="5" failures="0" timestamp="2021-03-13T11:54:12 IST" time="91.17" errors="0">
  <testcase name="selectPortFolio" time="1.65" classname="testcases.rediff.PortfolioManagement"/>
  <testcase name="addNewStock" time="7.448" classname="testcases.rediff.StockManagement"/>
  <testcase name="verifyStockPresent" time="0.397" classname="testcases.rediff.StockManagement"/>
  <testcase name="verifyStockQuantity" time="53.49" classname="testcases.rediff.StockManagement"/>
  <testcase name="verifyTransactionHistory" time="0.0" classname="testcases.rediff.StockManagement"/>
  <testcase name="@BeforeTest beforeTest" time="0.0" classname="testbase.BaseTest">
    <ignored/>
  </testcase> <!-- @BeforeTest beforeTest -->
  <testcase name="deletePortfolio" time="0.0" classname="testcases.rediff.PortfolioManagement">
    <ignored/>
  </testcase> <!-- deletePortfolio -->
  <testcase name="verifyStockAvgBuyPrice" time="0.0" classname="testcases.rediff.StockManagement">
    <ignored/>
  </testcase> <!-- verifyStockAvgBuyPrice -->
  <testcase name="modifyStock" time="0.0" classname="testcases.rediff.StockManagement">
    <ignored/>
  </testcase> <!-- modifyStock -->
  <testcase name="@AfterTest quit" time="0.0" classname="testbase.BaseTest">
    <ignored/>
  </testcase> <!-- @AfterTest quit -->
  <testcase name="createPortfolio" time="0.0" classname="testcases.rediff.PortfolioManagement">
    <ignored/>
  </testcase> <!-- createPortfolio -->
</testsuite> <!-- Add New Stock-New Stock-It.1 -->
